<?xml version="1.0" encoding="UTF-8"?>
<testsuite xmlns:xsi="http://www.w3.org/2001/XMLSchema-instance" xsi:noNamespaceSchemaLocation="https://maven.apache.org/surefire/maven-surefire-plugin/xsd/surefire-test-report-3.0.xsd" version="3.0" name="TestLogin.LoginTest" time="0.153" tests="10" errors="0" skipped="0" failures="0">
  <properties>
[...]
</properties>
  <testcase name="testValidPassword" classname="TestLogin.LoginTest" time="0.047"/>
  <testcase name="testUsernameValid" classname="TestLogin.LoginTest" time="0.003"/>
  <testcase name="testLoginSuccess" classname="TestLogin.LoginTest" time="0.003"/>
  <testcase name="testInvalidUsername_NoUndersore" classname="TestLogin.LoginTest" time="0.003"/>
  <testcase name="testLoginFail" classname="TestLogin.LoginTest" time="0.003"/>
  <testcase name="testValidPhone" classname="TestLogin.LoginTest" time="0.003"/>
  <testcase name="testInvalidPassword" classname="TestLogin.LoginTest" time="0.002"/>
  <testcase name="testInvalidUsername_TooLong" classname="TestLogin.LoginTest" time="0.002"/>
  <testcase name="testInvalidPhone" classname="TestLogin.LoginTest" time="0.001"/>
  <testcase name="testRegisterSuccess" classname="TestLogin.LoginTest" time="0.005"/>
</testsuite>