-------------------------------------------------------------------------------
Test set: TestMessage.MessageTest
-------------------------------------------------------------------------------
Tests run: 1, Failures: 0, Errors: 1, Skipped: 0, Time elapsed: 0.134 s <<< FAILURE! -- in TestMessage.MessageTest
TestMessage.MessageTest.testTotalMessages -- Time elapsed: 0.062 s <<< ERROR!
java.lang.UnsupportedOperationException: Not supported yet.
	at com.mycompany.chatapp.Message.resetTotalMessages(Message.java:22)
	at TestMessage.MessageTest.testTotalMessages(MessageTest.java:51)
	at java.base/java.lang.reflect.Method.invoke(Method.java:565)
	at java.base/java.util.ArrayList.forEach(ArrayList.java:1604)
	at java.base/java.util.ArrayList.forEach(ArrayList.java:1604)

